<?xml version="1.0" encoding="UTF-8"?>
<!-- Generated by org.testng.reporters.JUnitXMLReporter -->
<testsuite hostname="LAPTOP-7COG7LUP" ignored="2" name="exicuteTestCases" tests="20" failures="16" timestamp="2020-11-11T22:40:51 IST" time="1117.55" errors="0">
  <testcase name="testOneForBookshelves" time="22.869" classname="com.Hackatone.TestClasses.GetBookshelves">
    <failure type="java.lang.AssertionError" message="Element &amp;lt;input id=&amp;quot;filters_storage_type_Open&amp;quot; name=&amp;quot;filters[storage_type][]&amp;quot; type=&amp;quot;checkbox&amp;quot;&amp;gt; could not be scrolled into view
Build info: version: &amp;apos;3.141.59&amp;apos;, revision: &amp;apos;e82be7d358&amp;apos;, time: &amp;apos;2018-11-14T08:17:03&amp;apos;
System info: host: &amp;apos;LAPTOP-7COG7LUP&amp;apos;, ip: &amp;apos;192.168.1.100&amp;apos;, os.name: &amp;apos;Windows 10&amp;apos;, os.arch: &amp;apos;amd64&amp;apos;, os.version: &amp;apos;10.0&amp;apos;, java.version: &amp;apos;1.8.0_241&amp;apos;
Driver info: org.openqa.selenium.remote.RemoteWebDriver
Capabilities {acceptInsecureCerts: true, browserName: firefox, browserVersion: 80.0.1, javascriptEnabled: true, moz:accessibilityChecks: false, moz:buildID: 20200831163820, moz:geckodriverVersion: 0.27.0, moz:headless: false, moz:processID: 18396, moz:profile: C:\Users\Subash Yadav\AppDa..., moz:shutdownTimeout: 60000, moz:useNonSpecCompliantPointerOrigin: false, moz:webdriverClick: true, pageLoadStrategy: normal, platform: WINDOWS, platformName: WINDOWS, platformVersion: 10.0, rotatable: false, setWindowRect: true, strictFileInteractability: false, timeouts: {implicit: 0, pageLoad: 300000, script: 30000}, unhandledPromptBehavior: dismiss and notify, webdriver.remote.sessionid: 918d1bff-20f7-49aa-97da-7c4...}
Session ID: 918d1bff-20f7-49aa-97da-7c459c09ac7e">
      <![CDATA[java.lang.AssertionError: Element <input id="filters_storage_type_Open" name="filters[storage_type][]" type="checkbox"> could not be scrolled into view
Build info: version: '3.141.59', revision: 'e82be7d358', time: '2018-11-14T08:17:03'
System info: host: 'LAPTOP-7COG7LUP', ip: '192.168.1.100', os.name: 'Windows 10', os.arch: 'amd64', os.version: '10.0', java.version: '1.8.0_241'
Driver info: org.openqa.selenium.remote.RemoteWebDriver
Capabilities {acceptInsecureCerts: true, browserName: firefox, browserVersion: 80.0.1, javascriptEnabled: true, moz:accessibilityChecks: false, moz:buildID: 20200831163820, moz:geckodriverVersion: 0.27.0, moz:headless: false, moz:processID: 18396, moz:profile: C:\Users\Subash Yadav\AppDa..., moz:shutdownTimeout: 60000, moz:useNonSpecCompliantPointerOrigin: false, moz:webdriverClick: true, pageLoadStrategy: normal, platform: WINDOWS, platformName: WINDOWS, platformVersion: 10.0, rotatable: false, setWindowRect: true, strictFileInteractability: false, timeouts: {implicit: 0, pageLoad: 300000, script: 30000}, unhandledPromptBehavior: dismiss and notify, webdriver.remote.sessionid: 918d1bff-20f7-49aa-97da-7c4...}
Session ID: 918d1bff-20f7-49aa-97da-7c459c09ac7e
at com.Hackatone.Base.BaseUI.reportFail(BaseUI.java:343)
at com.Hackatone.Base.BaseUI.clickAndSelectWebElement(BaseUI.java:154)
at com.Hackatone.TestClasses.GetBookshelves.testOneForBookshelves(GetBookshelves.java:31)
at java.util.ArrayList.forEach(Unknown Source)
... Removed 28 stack frames]]>
    </failure>
  </testcase> <!-- testOneForBookshelves -->
  <testcase name="getHomeListItems_one" time="24.031" classname="com.Hackatone.TestClasses.GetHomeItems"/>
  <testcase name="getHomeListItems_two" time="17.04" classname="com.Hackatone.TestClasses.GetHomeItems">
    <failure type="java.lang.AssertionError" message="Failing the Testcase, Invalid Locator collection_menu_xpath">
      <![CDATA[java.lang.AssertionError: Failing the Testcase, Invalid Locator collection_menu_xpath
at com.Hackatone.Base.BaseUI.reportFail(BaseUI.java:343)
at com.Hackatone.Base.BaseUI.getElement(BaseUI.java:285)
at com.Hackatone.Base.BaseUI.elementClick(BaseUI.java:161)
at com.Hackatone.Base.BaseUI.mouseclickAndSelectElements(BaseUI.java:224)
at com.Hackatone.TestClasses.GetHomeItems.getHomeListItems_two(GetHomeItems.java:40)
at java.util.ArrayList.forEach(Unknown Source)
... Removed 28 stack frames]]>
    </failure>
  </testcase> <!-- getHomeListItems_two -->
  <testcase name="testForStudyChairs" time="27.568" classname="com.Hackatone.TestClasses.GetStudyChair"/>
  <testcase name="testForGiftCards" time="46.597" classname="com.Hackatone.TestClasses.GiftCard"/>
  <testcase name="testForGiftCards" time="41.45" classname="com.Hackatone.TestClasses.GiftCard">
    <failure type="java.lang.AssertionError" message="Wrong information Fed-Up :: Verify The Details in attached ScreenShot">
      <![CDATA[java.lang.AssertionError: Wrong information Fed-Up :: Verify The Details in attached ScreenShot
at com.Hackatone.Base.BaseUI.reportFail(BaseUI.java:343)
at com.Hackatone.Base.BaseUI.validateResult(BaseUI.java:248)
at com.Hackatone.TestClasses.GiftCard.testForGiftCards(GiftCard.java:62)
at java.util.ArrayList.forEach(Unknown Source)
... Removed 28 stack frames]]>
    </failure>
  </testcase> <!-- testForGiftCards -->
  <testcase name="testForGiftCards" time="49.642" classname="com.Hackatone.TestClasses.GiftCard">
    <failure type="java.lang.AssertionError" message="Wrong information Fed-Up :: Verify The Details in attached ScreenShot">
      <![CDATA[java.lang.AssertionError: Wrong information Fed-Up :: Verify The Details in attached ScreenShot
at com.Hackatone.Base.BaseUI.reportFail(BaseUI.java:343)
at com.Hackatone.Base.BaseUI.validateResult(BaseUI.java:248)
at com.Hackatone.TestClasses.GiftCard.testForGiftCards(GiftCard.java:62)
at java.util.ArrayList.forEach(Unknown Source)
... Removed 28 stack frames]]>
    </failure>
  </testcase> <!-- testForGiftCards -->
  <testcase name="testForGiftCards" time="46.538" classname="com.Hackatone.TestClasses.GiftCard"/>
  <testcase name="testForGiftCards" time="41.691" classname="com.Hackatone.TestClasses.GiftCard">
    <failure type="java.lang.AssertionError" message="Element &amp;lt;a class=&amp;quot;featuredLinksBar__link&amp;quot; href=&amp;quot;../../gift-cards?src=header&amp;quot;&amp;gt; is not clickable at point (1223,20) because another element &amp;lt;div class=&amp;quot;reveal-modal-bg&amp;quot;&amp;gt; obscures it
Build info: version: &amp;apos;3.141.59&amp;apos;, revision: &amp;apos;e82be7d358&amp;apos;, time: &amp;apos;2018-11-14T08:17:03&amp;apos;
System info: host: &amp;apos;LAPTOP-7COG7LUP&amp;apos;, ip: &amp;apos;192.168.1.100&amp;apos;, os.name: &amp;apos;Windows 10&amp;apos;, os.arch: &amp;apos;amd64&amp;apos;, os.version: &amp;apos;10.0&amp;apos;, java.version: &amp;apos;1.8.0_241&amp;apos;
Driver info: org.openqa.selenium.remote.RemoteWebDriver
Capabilities {acceptInsecureCerts: true, browserName: firefox, browserVersion: 80.0.1, javascriptEnabled: true, moz:accessibilityChecks: false, moz:buildID: 20200831163820, moz:geckodriverVersion: 0.27.0, moz:headless: false, moz:processID: 14504, moz:profile: C:\Users\Subash Yadav\AppDa..., moz:shutdownTimeout: 60000, moz:useNonSpecCompliantPointerOrigin: false, moz:webdriverClick: true, pageLoadStrategy: normal, platform: WINDOWS, platformName: WINDOWS, platformVersion: 10.0, rotatable: false, setWindowRect: true, strictFileInteractability: false, timeouts: {implicit: 0, pageLoad: 300000, script: 30000}, unhandledPromptBehavior: dismiss and notify, webdriver.remote.sessionid: 2806e65c-30ba-4acc-ade8-43a...}
Session ID: 2806e65c-30ba-4acc-ade8-43a7079c69ee">
      <![CDATA[java.lang.AssertionError: Element <a class="featuredLinksBar__link" href="../../gift-cards?src=header"> is not clickable at point (1223,20) because another element <div class="reveal-modal-bg"> obscures it
Build info: version: '3.141.59', revision: 'e82be7d358', time: '2018-11-14T08:17:03'
System info: host: 'LAPTOP-7COG7LUP', ip: '192.168.1.100', os.name: 'Windows 10', os.arch: 'amd64', os.version: '10.0', java.version: '1.8.0_241'
Driver info: org.openqa.selenium.remote.RemoteWebDriver
Capabilities {acceptInsecureCerts: true, browserName: firefox, browserVersion: 80.0.1, javascriptEnabled: true, moz:accessibilityChecks: false, moz:buildID: 20200831163820, moz:geckodriverVersion: 0.27.0, moz:headless: false, moz:processID: 14504, moz:profile: C:\Users\Subash Yadav\AppDa..., moz:shutdownTimeout: 60000, moz:useNonSpecCompliantPointerOrigin: false, moz:webdriverClick: true, pageLoadStrategy: normal, platform: WINDOWS, platformName: WINDOWS, platformVersion: 10.0, rotatable: false, setWindowRect: true, strictFileInteractability: false, timeouts: {implicit: 0, pageLoad: 300000, script: 30000}, unhandledPromptBehavior: dismiss and notify, webdriver.remote.sessionid: 2806e65c-30ba-4acc-ade8-43a...}
Session ID: 2806e65c-30ba-4acc-ade8-43a7079c69ee
at com.Hackatone.Base.BaseUI.reportFail(BaseUI.java:343)
at com.Hackatone.Base.BaseUI.elementClick(BaseUI.java:164)
at com.Hackatone.TestClasses.GiftCard.testForGiftCards(GiftCard.java:24)
at java.util.ArrayList.forEach(Unknown Source)
... Removed 28 stack frames]]>
    </failure>
  </testcase> <!-- testForGiftCards -->
  <testcase name="testForGiftCards" time="143.646" classname="com.Hackatone.TestClasses.GiftCard">
    <failure type="java.lang.AssertionError" message="Keys to send should be a not null CharSequence">
      <![CDATA[java.lang.AssertionError: Keys to send should be a not null CharSequence
at com.Hackatone.Base.BaseUI.reportFail(BaseUI.java:343)
at com.Hackatone.Base.BaseUI.enterText(BaseUI.java:132)
at com.Hackatone.TestClasses.GiftCard.testForGiftCards(GiftCard.java:29)
at java.util.ArrayList.forEach(Unknown Source)
... Removed 28 stack frames]]>
    </failure>
  </testcase> <!-- testForGiftCards -->
  <testcase name="testForGiftCards" time="46.192" classname="com.Hackatone.TestClasses.GiftCard">
    <failure type="java.lang.AssertionError" message="Element &amp;lt;a class=&amp;quot;featuredLinksBar__link&amp;quot; href=&amp;quot;../../gift-cards?src=header&amp;quot;&amp;gt; is not clickable at point (1223,20) because another element &amp;lt;div class=&amp;quot;reveal-modal-bg&amp;quot;&amp;gt; obscures it
Build info: version: &amp;apos;3.141.59&amp;apos;, revision: &amp;apos;e82be7d358&amp;apos;, time: &amp;apos;2018-11-14T08:17:03&amp;apos;
System info: host: &amp;apos;LAPTOP-7COG7LUP&amp;apos;, ip: &amp;apos;192.168.1.100&amp;apos;, os.name: &amp;apos;Windows 10&amp;apos;, os.arch: &amp;apos;amd64&amp;apos;, os.version: &amp;apos;10.0&amp;apos;, java.version: &amp;apos;1.8.0_241&amp;apos;
Driver info: org.openqa.selenium.remote.RemoteWebDriver
Capabilities {acceptInsecureCerts: true, browserName: firefox, browserVersion: 80.0.1, javascriptEnabled: true, moz:accessibilityChecks: false, moz:buildID: 20200831163820, moz:geckodriverVersion: 0.27.0, moz:headless: false, moz:processID: 22324, moz:profile: C:\Users\Subash Yadav\AppDa..., moz:shutdownTimeout: 60000, moz:useNonSpecCompliantPointerOrigin: false, moz:webdriverClick: true, pageLoadStrategy: normal, platform: WINDOWS, platformName: WINDOWS, platformVersion: 10.0, rotatable: false, setWindowRect: true, strictFileInteractability: false, timeouts: {implicit: 0, pageLoad: 300000, script: 30000}, unhandledPromptBehavior: dismiss and notify, webdriver.remote.sessionid: 0f1480dc-d3a0-4d9c-863e-2e6...}
Session ID: 0f1480dc-d3a0-4d9c-863e-2e6b25871609">
      <![CDATA[java.lang.AssertionError: Element <a class="featuredLinksBar__link" href="../../gift-cards?src=header"> is not clickable at point (1223,20) because another element <div class="reveal-modal-bg"> obscures it
Build info: version: '3.141.59', revision: 'e82be7d358', time: '2018-11-14T08:17:03'
System info: host: 'LAPTOP-7COG7LUP', ip: '192.168.1.100', os.name: 'Windows 10', os.arch: 'amd64', os.version: '10.0', java.version: '1.8.0_241'
Driver info: org.openqa.selenium.remote.RemoteWebDriver
Capabilities {acceptInsecureCerts: true, browserName: firefox, browserVersion: 80.0.1, javascriptEnabled: true, moz:accessibilityChecks: false, moz:buildID: 20200831163820, moz:geckodriverVersion: 0.27.0, moz:headless: false, moz:processID: 22324, moz:profile: C:\Users\Subash Yadav\AppDa..., moz:shutdownTimeout: 60000, moz:useNonSpecCompliantPointerOrigin: false, moz:webdriverClick: true, pageLoadStrategy: normal, platform: WINDOWS, platformName: WINDOWS, platformVersion: 10.0, rotatable: false, setWindowRect: true, strictFileInteractability: false, timeouts: {implicit: 0, pageLoad: 300000, script: 30000}, unhandledPromptBehavior: dismiss and notify, webdriver.remote.sessionid: 0f1480dc-d3a0-4d9c-863e-2e6...}
Session ID: 0f1480dc-d3a0-4d9c-863e-2e6b25871609
at com.Hackatone.Base.BaseUI.reportFail(BaseUI.java:343)
at com.Hackatone.Base.BaseUI.elementClick(BaseUI.java:164)
at com.Hackatone.TestClasses.GiftCard.testForGiftCards(GiftCard.java:24)
at java.util.ArrayList.forEach(Unknown Source)
... Removed 28 stack frames]]>
    </failure>
  </testcase> <!-- testForGiftCards -->
  <testcase name="testForGiftCards" time="51.752" classname="com.Hackatone.TestClasses.GiftCard">
    <failure type="java.lang.AssertionError" message="Element &amp;lt;a class=&amp;quot;featuredLinksBar__link&amp;quot; href=&amp;quot;../../gift-cards?src=header&amp;quot;&amp;gt; is not clickable at point (1223,20) because another element &amp;lt;div class=&amp;quot;reveal-modal-bg&amp;quot;&amp;gt; obscures it
Build info: version: &amp;apos;3.141.59&amp;apos;, revision: &amp;apos;e82be7d358&amp;apos;, time: &amp;apos;2018-11-14T08:17:03&amp;apos;
System info: host: &amp;apos;LAPTOP-7COG7LUP&amp;apos;, ip: &amp;apos;192.168.1.100&amp;apos;, os.name: &amp;apos;Windows 10&amp;apos;, os.arch: &amp;apos;amd64&amp;apos;, os.version: &amp;apos;10.0&amp;apos;, java.version: &amp;apos;1.8.0_241&amp;apos;
Driver info: org.openqa.selenium.remote.RemoteWebDriver
Capabilities {acceptInsecureCerts: true, browserName: firefox, browserVersion: 80.0.1, javascriptEnabled: true, moz:accessibilityChecks: false, moz:buildID: 20200831163820, moz:geckodriverVersion: 0.27.0, moz:headless: false, moz:processID: 18372, moz:profile: C:\Users\Subash Yadav\AppDa..., moz:shutdownTimeout: 60000, moz:useNonSpecCompliantPointerOrigin: false, moz:webdriverClick: true, pageLoadStrategy: normal, platform: WINDOWS, platformName: WINDOWS, platformVersion: 10.0, rotatable: false, setWindowRect: true, strictFileInteractability: false, timeouts: {implicit: 0, pageLoad: 300000, script: 30000}, unhandledPromptBehavior: dismiss and notify, webdriver.remote.sessionid: 9c2b549a-22f8-4d06-a490-c7b...}
Session ID: 9c2b549a-22f8-4d06-a490-c7b49ad8d5f2">
      <![CDATA[java.lang.AssertionError: Element <a class="featuredLinksBar__link" href="../../gift-cards?src=header"> is not clickable at point (1223,20) because another element <div class="reveal-modal-bg"> obscures it
Build info: version: '3.141.59', revision: 'e82be7d358', time: '2018-11-14T08:17:03'
System info: host: 'LAPTOP-7COG7LUP', ip: '192.168.1.100', os.name: 'Windows 10', os.arch: 'amd64', os.version: '10.0', java.version: '1.8.0_241'
Driver info: org.openqa.selenium.remote.RemoteWebDriver
Capabilities {acceptInsecureCerts: true, browserName: firefox, browserVersion: 80.0.1, javascriptEnabled: true, moz:accessibilityChecks: false, moz:buildID: 20200831163820, moz:geckodriverVersion: 0.27.0, moz:headless: false, moz:processID: 18372, moz:profile: C:\Users\Subash Yadav\AppDa..., moz:shutdownTimeout: 60000, moz:useNonSpecCompliantPointerOrigin: false, moz:webdriverClick: true, pageLoadStrategy: normal, platform: WINDOWS, platformName: WINDOWS, platformVersion: 10.0, rotatable: false, setWindowRect: true, strictFileInteractability: false, timeouts: {implicit: 0, pageLoad: 300000, script: 30000}, unhandledPromptBehavior: dismiss and notify, webdriver.remote.sessionid: 9c2b549a-22f8-4d06-a490-c7b...}
Session ID: 9c2b549a-22f8-4d06-a490-c7b49ad8d5f2
at com.Hackatone.Base.BaseUI.reportFail(BaseUI.java:343)
at com.Hackatone.Base.BaseUI.elementClick(BaseUI.java:164)
at com.Hackatone.TestClasses.GiftCard.testForGiftCards(GiftCard.java:24)
at java.util.ArrayList.forEach(Unknown Source)
... Removed 28 stack frames]]>
    </failure>
  </testcase> <!-- testForGiftCards -->
  <testcase name="testForGiftCards" time="129.123" classname="com.Hackatone.TestClasses.GiftCard">
    <failure type="java.lang.AssertionError" message="Keys to send should be a not null CharSequence">
      <![CDATA[java.lang.AssertionError: Keys to send should be a not null CharSequence
at com.Hackatone.Base.BaseUI.reportFail(BaseUI.java:343)
at com.Hackatone.Base.BaseUI.enterText(BaseUI.java:132)
at com.Hackatone.TestClasses.GiftCard.testForGiftCards(GiftCard.java:29)
at java.util.ArrayList.forEach(Unknown Source)
... Removed 28 stack frames]]>
    </failure>
  </testcase> <!-- testForGiftCards -->
  <testcase name="testForGiftCards" time="27.334" classname="com.Hackatone.TestClasses.GiftCard">
    <failure type="java.lang.AssertionError" message="Element &amp;lt;a class=&amp;quot;featuredLinksBar__link&amp;quot; href=&amp;quot;../../gift-cards?src=header&amp;quot;&amp;gt; is not clickable at point (1223,20) because another element &amp;lt;div class=&amp;quot;reveal-modal-bg&amp;quot;&amp;gt; obscures it
Build info: version: &amp;apos;3.141.59&amp;apos;, revision: &amp;apos;e82be7d358&amp;apos;, time: &amp;apos;2018-11-14T08:17:03&amp;apos;
System info: host: &amp;apos;LAPTOP-7COG7LUP&amp;apos;, ip: &amp;apos;192.168.1.100&amp;apos;, os.name: &amp;apos;Windows 10&amp;apos;, os.arch: &amp;apos;amd64&amp;apos;, os.version: &amp;apos;10.0&amp;apos;, java.version: &amp;apos;1.8.0_241&amp;apos;
Driver info: org.openqa.selenium.remote.RemoteWebDriver
Capabilities {acceptInsecureCerts: true, browserName: firefox, browserVersion: 80.0.1, javascriptEnabled: true, moz:accessibilityChecks: false, moz:buildID: 20200831163820, moz:geckodriverVersion: 0.27.0, moz:headless: false, moz:processID: 24776, moz:profile: C:\Users\Subash Yadav\AppDa..., moz:shutdownTimeout: 60000, moz:useNonSpecCompliantPointerOrigin: false, moz:webdriverClick: true, pageLoadStrategy: normal, platform: WINDOWS, platformName: WINDOWS, platformVersion: 10.0, rotatable: false, setWindowRect: true, strictFileInteractability: false, timeouts: {implicit: 0, pageLoad: 300000, script: 30000}, unhandledPromptBehavior: dismiss and notify, webdriver.remote.sessionid: ffe31b21-936c-4ee5-acfa-e1f...}
Session ID: ffe31b21-936c-4ee5-acfa-e1f1c7e29190">
      <![CDATA[java.lang.AssertionError: Element <a class="featuredLinksBar__link" href="../../gift-cards?src=header"> is not clickable at point (1223,20) because another element <div class="reveal-modal-bg"> obscures it
Build info: version: '3.141.59', revision: 'e82be7d358', time: '2018-11-14T08:17:03'
System info: host: 'LAPTOP-7COG7LUP', ip: '192.168.1.100', os.name: 'Windows 10', os.arch: 'amd64', os.version: '10.0', java.version: '1.8.0_241'
Driver info: org.openqa.selenium.remote.RemoteWebDriver
Capabilities {acceptInsecureCerts: true, browserName: firefox, browserVersion: 80.0.1, javascriptEnabled: true, moz:accessibilityChecks: false, moz:buildID: 20200831163820, moz:geckodriverVersion: 0.27.0, moz:headless: false, moz:processID: 24776, moz:profile: C:\Users\Subash Yadav\AppDa..., moz:shutdownTimeout: 60000, moz:useNonSpecCompliantPointerOrigin: false, moz:webdriverClick: true, pageLoadStrategy: normal, platform: WINDOWS, platformName: WINDOWS, platformVersion: 10.0, rotatable: false, setWindowRect: true, strictFileInteractability: false, timeouts: {implicit: 0, pageLoad: 300000, script: 30000}, unhandledPromptBehavior: dismiss and notify, webdriver.remote.sessionid: ffe31b21-936c-4ee5-acfa-e1f...}
Session ID: ffe31b21-936c-4ee5-acfa-e1f1c7e29190
at com.Hackatone.Base.BaseUI.reportFail(BaseUI.java:343)
at com.Hackatone.Base.BaseUI.elementClick(BaseUI.java:164)
at com.Hackatone.TestClasses.GiftCard.testForGiftCards(GiftCard.java:24)
at java.util.ArrayList.forEach(Unknown Source)
... Removed 28 stack frames]]>
    </failure>
  </testcase> <!-- testForGiftCards -->
  <testcase name="testForGiftCards" time="117.912" classname="com.Hackatone.TestClasses.GiftCard">
    <failure type="java.lang.AssertionError" message="Keys to send should be a not null CharSequence">
      <![CDATA[java.lang.AssertionError: Keys to send should be a not null CharSequence
at com.Hackatone.Base.BaseUI.reportFail(BaseUI.java:343)
at com.Hackatone.Base.BaseUI.enterText(BaseUI.java:132)
at com.Hackatone.TestClasses.GiftCard.testForGiftCards(GiftCard.java:29)
at java.util.ArrayList.forEach(Unknown Source)
... Removed 28 stack frames]]>
    </failure>
  </testcase> <!-- testForGiftCards -->
  <testcase name="testForGiftCards" time="67.264" classname="com.Hackatone.TestClasses.GiftCard">
    <failure type="java.lang.AssertionError" message="Element &amp;lt;a class=&amp;quot;featuredLinksBar__link&amp;quot; href=&amp;quot;../../gift-cards?src=header&amp;quot;&amp;gt; is not clickable at point (1223,20) because another element &amp;lt;div class=&amp;quot;reveal-modal-bg&amp;quot;&amp;gt; obscures it
Build info: version: &amp;apos;3.141.59&amp;apos;, revision: &amp;apos;e82be7d358&amp;apos;, time: &amp;apos;2018-11-14T08:17:03&amp;apos;
System info: host: &amp;apos;LAPTOP-7COG7LUP&amp;apos;, ip: &amp;apos;192.168.1.100&amp;apos;, os.name: &amp;apos;Windows 10&amp;apos;, os.arch: &amp;apos;amd64&amp;apos;, os.version: &amp;apos;10.0&amp;apos;, java.version: &amp;apos;1.8.0_241&amp;apos;
Driver info: org.openqa.selenium.remote.RemoteWebDriver
Capabilities {acceptInsecureCerts: true, browserName: firefox, browserVersion: 80.0.1, javascriptEnabled: true, moz:accessibilityChecks: false, moz:buildID: 20200831163820, moz:geckodriverVersion: 0.27.0, moz:headless: false, moz:processID: 24108, moz:profile: C:\Users\Subash Yadav\AppDa..., moz:shutdownTimeout: 60000, moz:useNonSpecCompliantPointerOrigin: false, moz:webdriverClick: true, pageLoadStrategy: normal, platform: WINDOWS, platformName: WINDOWS, platformVersion: 10.0, rotatable: false, setWindowRect: true, strictFileInteractability: false, timeouts: {implicit: 0, pageLoad: 300000, script: 30000}, unhandledPromptBehavior: dismiss and notify, webdriver.remote.sessionid: 5b040708-bd96-44ca-b4b9-b68...}
Session ID: 5b040708-bd96-44ca-b4b9-b68f355fa5f0">
      <![CDATA[java.lang.AssertionError: Element <a class="featuredLinksBar__link" href="../../gift-cards?src=header"> is not clickable at point (1223,20) because another element <div class="reveal-modal-bg"> obscures it
Build info: version: '3.141.59', revision: 'e82be7d358', time: '2018-11-14T08:17:03'
System info: host: 'LAPTOP-7COG7LUP', ip: '192.168.1.100', os.name: 'Windows 10', os.arch: 'amd64', os.version: '10.0', java.version: '1.8.0_241'
Driver info: org.openqa.selenium.remote.RemoteWebDriver
Capabilities {acceptInsecureCerts: true, browserName: firefox, browserVersion: 80.0.1, javascriptEnabled: true, moz:accessibilityChecks: false, moz:buildID: 20200831163820, moz:geckodriverVersion: 0.27.0, moz:headless: false, moz:processID: 24108, moz:profile: C:\Users\Subash Yadav\AppDa..., moz:shutdownTimeout: 60000, moz:useNonSpecCompliantPointerOrigin: false, moz:webdriverClick: true, pageLoadStrategy: normal, platform: WINDOWS, platformName: WINDOWS, platformVersion: 10.0, rotatable: false, setWindowRect: true, strictFileInteractability: false, timeouts: {implicit: 0, pageLoad: 300000, script: 30000}, unhandledPromptBehavior: dismiss and notify, webdriver.remote.sessionid: 5b040708-bd96-44ca-b4b9-b68...}
Session ID: 5b040708-bd96-44ca-b4b9-b68f355fa5f0
at com.Hackatone.Base.BaseUI.reportFail(BaseUI.java:343)
at com.Hackatone.Base.BaseUI.elementClick(BaseUI.java:164)
at com.Hackatone.TestClasses.GiftCard.testForGiftCards(GiftCard.java:24)
at java.util.ArrayList.forEach(Unknown Source)
... Removed 28 stack frames]]>
    </failure>
  </testcase> <!-- testForGiftCards -->
  <testcase name="testForGiftCards" time="30.721" classname="com.Hackatone.TestClasses.GiftCard">
    <failure type="java.lang.AssertionError" message="Element &amp;lt;a class=&amp;quot;featuredLinksBar__link&amp;quot; href=&amp;quot;../../gift-cards?src=header&amp;quot;&amp;gt; is not clickable at point (1223,20) because another element &amp;lt;div class=&amp;quot;reveal-modal-bg&amp;quot;&amp;gt; obscures it
Build info: version: &amp;apos;3.141.59&amp;apos;, revision: &amp;apos;e82be7d358&amp;apos;, time: &amp;apos;2018-11-14T08:17:03&amp;apos;
System info: host: &amp;apos;LAPTOP-7COG7LUP&amp;apos;, ip: &amp;apos;192.168.1.100&amp;apos;, os.name: &amp;apos;Windows 10&amp;apos;, os.arch: &amp;apos;amd64&amp;apos;, os.version: &amp;apos;10.0&amp;apos;, java.version: &amp;apos;1.8.0_241&amp;apos;
Driver info: org.openqa.selenium.remote.RemoteWebDriver
Capabilities {acceptInsecureCerts: true, browserName: firefox, browserVersion: 80.0.1, javascriptEnabled: true, moz:accessibilityChecks: false, moz:buildID: 20200831163820, moz:geckodriverVersion: 0.27.0, moz:headless: false, moz:processID: 21860, moz:profile: C:\Users\Subash Yadav\AppDa..., moz:shutdownTimeout: 60000, moz:useNonSpecCompliantPointerOrigin: false, moz:webdriverClick: true, pageLoadStrategy: normal, platform: WINDOWS, platformName: WINDOWS, platformVersion: 10.0, rotatable: false, setWindowRect: true, strictFileInteractability: false, timeouts: {implicit: 0, pageLoad: 300000, script: 30000}, unhandledPromptBehavior: dismiss and notify, webdriver.remote.sessionid: f3d8ab76-50f6-4c46-8153-213...}
Session ID: f3d8ab76-50f6-4c46-8153-213cdbde6d8d">
      <![CDATA[java.lang.AssertionError: Element <a class="featuredLinksBar__link" href="../../gift-cards?src=header"> is not clickable at point (1223,20) because another element <div class="reveal-modal-bg"> obscures it
Build info: version: '3.141.59', revision: 'e82be7d358', time: '2018-11-14T08:17:03'
System info: host: 'LAPTOP-7COG7LUP', ip: '192.168.1.100', os.name: 'Windows 10', os.arch: 'amd64', os.version: '10.0', java.version: '1.8.0_241'
Driver info: org.openqa.selenium.remote.RemoteWebDriver
Capabilities {acceptInsecureCerts: true, browserName: firefox, browserVersion: 80.0.1, javascriptEnabled: true, moz:accessibilityChecks: false, moz:buildID: 20200831163820, moz:geckodriverVersion: 0.27.0, moz:headless: false, moz:processID: 21860, moz:profile: C:\Users\Subash Yadav\AppDa..., moz:shutdownTimeout: 60000, moz:useNonSpecCompliantPointerOrigin: false, moz:webdriverClick: true, pageLoadStrategy: normal, platform: WINDOWS, platformName: WINDOWS, platformVersion: 10.0, rotatable: false, setWindowRect: true, strictFileInteractability: false, timeouts: {implicit: 0, pageLoad: 300000, script: 30000}, unhandledPromptBehavior: dismiss and notify, webdriver.remote.sessionid: f3d8ab76-50f6-4c46-8153-213...}
Session ID: f3d8ab76-50f6-4c46-8153-213cdbde6d8d
at com.Hackatone.Base.BaseUI.reportFail(BaseUI.java:343)
at com.Hackatone.Base.BaseUI.elementClick(BaseUI.java:164)
at com.Hackatone.TestClasses.GiftCard.testForGiftCards(GiftCard.java:24)
at java.util.ArrayList.forEach(Unknown Source)
... Removed 28 stack frames]]>
    </failure>
  </testcase> <!-- testForGiftCards -->
  <testcase name="testForGiftCards" time="41.374" classname="com.Hackatone.TestClasses.GiftCard">
    <failure type="java.lang.AssertionError" message="Element &amp;lt;a class=&amp;quot;featuredLinksBar__link&amp;quot; href=&amp;quot;../../gift-cards?src=header&amp;quot;&amp;gt; is not clickable at point (1223,20) because another element &amp;lt;div class=&amp;quot;reveal-modal-bg&amp;quot;&amp;gt; obscures it
Build info: version: &amp;apos;3.141.59&amp;apos;, revision: &amp;apos;e82be7d358&amp;apos;, time: &amp;apos;2018-11-14T08:17:03&amp;apos;
System info: host: &amp;apos;LAPTOP-7COG7LUP&amp;apos;, ip: &amp;apos;192.168.1.100&amp;apos;, os.name: &amp;apos;Windows 10&amp;apos;, os.arch: &amp;apos;amd64&amp;apos;, os.version: &amp;apos;10.0&amp;apos;, java.version: &amp;apos;1.8.0_241&amp;apos;
Driver info: org.openqa.selenium.remote.RemoteWebDriver
Capabilities {acceptInsecureCerts: true, browserName: firefox, browserVersion: 80.0.1, javascriptEnabled: true, moz:accessibilityChecks: false, moz:buildID: 20200831163820, moz:geckodriverVersion: 0.27.0, moz:headless: false, moz:processID: 22480, moz:profile: C:\Users\Subash Yadav\AppDa..., moz:shutdownTimeout: 60000, moz:useNonSpecCompliantPointerOrigin: false, moz:webdriverClick: true, pageLoadStrategy: normal, platform: WINDOWS, platformName: WINDOWS, platformVersion: 10.0, rotatable: false, setWindowRect: true, strictFileInteractability: false, timeouts: {implicit: 0, pageLoad: 300000, script: 30000}, unhandledPromptBehavior: dismiss and notify, webdriver.remote.sessionid: 9dbc8a0d-8a20-4566-b7ac-ba3...}
Session ID: 9dbc8a0d-8a20-4566-b7ac-ba3cd5cb5a96">
      <![CDATA[java.lang.AssertionError: Element <a class="featuredLinksBar__link" href="../../gift-cards?src=header"> is not clickable at point (1223,20) because another element <div class="reveal-modal-bg"> obscures it
Build info: version: '3.141.59', revision: 'e82be7d358', time: '2018-11-14T08:17:03'
System info: host: 'LAPTOP-7COG7LUP', ip: '192.168.1.100', os.name: 'Windows 10', os.arch: 'amd64', os.version: '10.0', java.version: '1.8.0_241'
Driver info: org.openqa.selenium.remote.RemoteWebDriver
Capabilities {acceptInsecureCerts: true, browserName: firefox, browserVersion: 80.0.1, javascriptEnabled: true, moz:accessibilityChecks: false, moz:buildID: 20200831163820, moz:geckodriverVersion: 0.27.0, moz:headless: false, moz:processID: 22480, moz:profile: C:\Users\Subash Yadav\AppDa..., moz:shutdownTimeout: 60000, moz:useNonSpecCompliantPointerOrigin: false, moz:webdriverClick: true, pageLoadStrategy: normal, platform: WINDOWS, platformName: WINDOWS, platformVersion: 10.0, rotatable: false, setWindowRect: true, strictFileInteractability: false, timeouts: {implicit: 0, pageLoad: 300000, script: 30000}, unhandledPromptBehavior: dismiss and notify, webdriver.remote.sessionid: 9dbc8a0d-8a20-4566-b7ac-ba3...}
Session ID: 9dbc8a0d-8a20-4566-b7ac-ba3cd5cb5a96
at com.Hackatone.Base.BaseUI.reportFail(BaseUI.java:343)
at com.Hackatone.Base.BaseUI.elementClick(BaseUI.java:164)
at com.Hackatone.TestClasses.GiftCard.testForGiftCards(GiftCard.java:24)
at java.util.ArrayList.forEach(Unknown Source)
... Removed 28 stack frames]]>
    </failure>
  </testcase> <!-- testForGiftCards -->
  <testcase name="testForGiftCards" time="48.247" classname="com.Hackatone.TestClasses.GiftCard">
    <failure type="java.lang.AssertionError" message="Keys to send should be a not null CharSequence">
      <![CDATA[java.lang.AssertionError: Keys to send should be a not null CharSequence
at com.Hackatone.Base.BaseUI.reportFail(BaseUI.java:343)
at com.Hackatone.Base.BaseUI.enterText(BaseUI.java:132)
at com.Hackatone.TestClasses.GiftCard.testForGiftCards(GiftCard.java:29)
at java.util.ArrayList.forEach(Unknown Source)
... Removed 28 stack frames]]>
    </failure>
  </testcase> <!-- testForGiftCards -->
  <testcase name="testForGiftCards" time="53.165" classname="com.Hackatone.TestClasses.GiftCard">
    <failure type="java.lang.AssertionError" message="Element &amp;lt;a class=&amp;quot;featuredLinksBar__link&amp;quot; href=&amp;quot;../../gift-cards?src=header&amp;quot;&amp;gt; is not clickable at point (1223,20) because another element &amp;lt;div class=&amp;quot;reveal-modal-bg&amp;quot;&amp;gt; obscures it
Build info: version: &amp;apos;3.141.59&amp;apos;, revision: &amp;apos;e82be7d358&amp;apos;, time: &amp;apos;2018-11-14T08:17:03&amp;apos;
System info: host: &amp;apos;LAPTOP-7COG7LUP&amp;apos;, ip: &amp;apos;192.168.1.100&amp;apos;, os.name: &amp;apos;Windows 10&amp;apos;, os.arch: &amp;apos;amd64&amp;apos;, os.version: &amp;apos;10.0&amp;apos;, java.version: &amp;apos;1.8.0_241&amp;apos;
Driver info: org.openqa.selenium.remote.RemoteWebDriver
Capabilities {acceptInsecureCerts: true, browserName: firefox, browserVersion: 80.0.1, javascriptEnabled: true, moz:accessibilityChecks: false, moz:buildID: 20200831163820, moz:geckodriverVersion: 0.27.0, moz:headless: false, moz:processID: 1700, moz:profile: C:\Users\Subash Yadav\AppDa..., moz:shutdownTimeout: 60000, moz:useNonSpecCompliantPointerOrigin: false, moz:webdriverClick: true, pageLoadStrategy: normal, platform: WINDOWS, platformName: WINDOWS, platformVersion: 10.0, rotatable: false, setWindowRect: true, strictFileInteractability: false, timeouts: {implicit: 0, pageLoad: 300000, script: 30000}, unhandledPromptBehavior: dismiss and notify, webdriver.remote.sessionid: 5554b033-a693-4c3b-bf63-963...}
Session ID: 5554b033-a693-4c3b-bf63-9634d53e2c74">
      <![CDATA[java.lang.AssertionError: Element <a class="featuredLinksBar__link" href="../../gift-cards?src=header"> is not clickable at point (1223,20) because another element <div class="reveal-modal-bg"> obscures it
Build info: version: '3.141.59', revision: 'e82be7d358', time: '2018-11-14T08:17:03'
System info: host: 'LAPTOP-7COG7LUP', ip: '192.168.1.100', os.name: 'Windows 10', os.arch: 'amd64', os.version: '10.0', java.version: '1.8.0_241'
Driver info: org.openqa.selenium.remote.RemoteWebDriver
Capabilities {acceptInsecureCerts: true, browserName: firefox, browserVersion: 80.0.1, javascriptEnabled: true, moz:accessibilityChecks: false, moz:buildID: 20200831163820, moz:geckodriverVersion: 0.27.0, moz:headless: false, moz:processID: 1700, moz:profile: C:\Users\Subash Yadav\AppDa..., moz:shutdownTimeout: 60000, moz:useNonSpecCompliantPointerOrigin: false, moz:webdriverClick: true, pageLoadStrategy: normal, platform: WINDOWS, platformName: WINDOWS, platformVersion: 10.0, rotatable: false, setWindowRect: true, strictFileInteractability: false, timeouts: {implicit: 0, pageLoad: 300000, script: 30000}, unhandledPromptBehavior: dismiss and notify, webdriver.remote.sessionid: 5554b033-a693-4c3b-bf63-963...}
Session ID: 5554b033-a693-4c3b-bf63-9634d53e2c74
at com.Hackatone.Base.BaseUI.reportFail(BaseUI.java:343)
at com.Hackatone.Base.BaseUI.elementClick(BaseUI.java:164)
at com.Hackatone.TestClasses.GiftCard.testForGiftCards(GiftCard.java:24)
at java.util.ArrayList.forEach(Unknown Source)
... Removed 28 stack frames]]>
    </failure>
  </testcase> <!-- testForGiftCards -->
  <testcase name="@AfterTest endReport" time="0.0" classname="com.Hackatone.Base.BaseUI">
    <ignored/>
  </testcase> <!-- @AfterTest endReport -->
  <testcase name="@AfterTest endReport" time="0.0" classname="com.Hackatone.Base.BaseUI">
    <ignored/>
  </testcase> <!-- @AfterTest endReport -->
</testsuite> <!-- exicuteTestCases -->
